[
  {
    "level": "INFO",
    "message": "android.ndkVersion from module build.gradle is 22.0.7026061"
  },
  {
    "level": "INFO",
    "message": "ndk.dir in local.properties is not set"
  },
  {
    "level": "INFO",
    "message": "ANDROID_NDK_HOME environment variable is not set"
  },
  {
    "level": "INFO",
    "message": "sdkFolder is /Users/master/Android/sdk"
  },
  {
    "level": "INFO",
    "message": "Considering /Users/master/Android/sdk/ndk-bundle in SDK ndk-bundle folder"
  },
  {
    "level": "INFO",
    "message": "Considering /Users/master/Android/sdk/ndk/22.0.7026061 in SDK ndk folder"
  },
  {
    "level": "INFO",
    "message": "Considering /Users/master/Android/sdk/ndk/21.0.6113669 in SDK ndk folder"
  },
  {
    "level": "INFO",
    "message": "Rejected /Users/master/Android/sdk/ndk-bundle in SDK ndk-bundle folder because that location has no source.properties"
  },
  {
    "level": "INFO",
    "message": "Rejected /Users/master/Android/sdk/ndk/21.0.6113669 in SDK ndk folder because that location has no source.properties"
  },
  {
    "level": "INFO",
    "message": "Found requested NDK version 22.0.7026061 at /Users/master/Android/sdk/ndk/22.0.7026061"
  }
]